  ms4.cpp
d:\seneca\oop244\oop-project\ms4\ms4\ms4.cpp(32): error C2079: 'file' uses undefined class 'std::basic_fstream<char,std::char_traits<char>>'
d:\seneca\oop244\oop-project\ms4\ms4\ms4.cpp(32): error C2440: 'initializing': cannot convert from 'initializer list' to 'int'
  d:\seneca\oop244\oop-project\ms4\ms4\ms4.cpp(32): note: The initializer contains too many elements
d:\seneca\oop244\oop-project\ms4\ms4\ms4.cpp(33): error C2297: '<<': illegal, right operand has type 'const char [4]'
d:\seneca\oop244\oop-project\ms4\ms4\ms4.cpp(33): error C2563: mismatch in formal parameter list
d:\seneca\oop244\oop-project\ms4\ms4\ms4.cpp(33): error C2568: '<<': unable to resolve function overload
  d:\seneca\oop244\oop-project\ms4\ms4\ms4.cpp(33): note: could be 'std::basic_ostream<_Elem,_Traits> &std::endl(std::basic_ostream<_Elem,_Traits> &)'
d:\seneca\oop244\oop-project\ms4\ms4\ms4.cpp(41): error C2664: 'std::fstream &aid::iGood::load(std::fstream &)': cannot convert argument 1 from 'int' to 'std::fstream &'
d:\seneca\oop244\oop-project\ms4\ms4\ms4.cpp(48): error C2248: 'aid::iGood::write': cannot access private member declared in class 'aid::iGood'
  d:\seneca\oop244\oop-project\ms4\ms4\igood.h(16): note: see declaration of 'aid::iGood::write'
  d:\seneca\oop244\oop-project\ms4\ms4\igood.h(13): note: see declaration of 'aid::iGood'
d:\seneca\oop244\oop-project\ms4\ms4\ms4.cpp(57): error C2664: 'std::fstream &aid::iGood::store(std::fstream &,bool) const': cannot convert argument 1 from 'int' to 'std::fstream &'
d:\seneca\oop244\oop-project\ms4\ms4\ms4.cpp(62): error C2664: 'std::fstream &aid::iGood::load(std::fstream &)': cannot convert argument 1 from 'int' to 'std::fstream &'
d:\seneca\oop244\oop-project\ms4\ms4\ms4.cpp(66): error C2248: 'aid::iGood::write': cannot access private member declared in class 'aid::iGood'
  d:\seneca\oop244\oop-project\ms4\ms4\igood.h(16): note: see declaration of 'aid::iGood::write'
  d:\seneca\oop244\oop-project\ms4\ms4\igood.h(13): note: see declaration of 'aid::iGood'
d:\seneca\oop244\oop-project\ms4\ms4\ms4.cpp(71): error C2248: 'aid::iGood::operator ==': cannot access private member declared in class 'aid::iGood'
  d:\seneca\oop244\oop-project\ms4\ms4\igood.h(18): note: see declaration of 'aid::iGood::operator =='
  d:\seneca\oop244\oop-project\ms4\ms4\igood.h(13): note: see declaration of 'aid::iGood'
d:\seneca\oop244\oop-project\ms4\ms4\ms4.cpp(75): error C2248: 'aid::iGood::operator >': cannot access private member declared in class 'aid::iGood'
  d:\seneca\oop244\oop-project\ms4\ms4\igood.h(25): note: see declaration of 'aid::iGood::operator >'
  d:\seneca\oop244\oop-project\ms4\ms4\igood.h(13): note: see declaration of 'aid::iGood'
d:\seneca\oop244\oop-project\ms4\ms4\ms4.cpp(76): error C2248: 'aid::iGood::name': cannot access private member declared in class 'aid::iGood'
  d:\seneca\oop244\oop-project\ms4\ms4\igood.h(20): note: see declaration of 'aid::iGood::name'
  d:\seneca\oop244\oop-project\ms4\ms4\igood.h(13): note: see declaration of 'aid::iGood'
d:\seneca\oop244\oop-project\ms4\ms4\ms4.cpp(78): error C2248: 'aid::iGood::name': cannot access private member declared in class 'aid::iGood'
  d:\seneca\oop244\oop-project\ms4\ms4\igood.h(20): note: see declaration of 'aid::iGood::name'
  d:\seneca\oop244\oop-project\ms4\ms4\igood.h(13): note: see declaration of 'aid::iGood'
d:\seneca\oop244\oop-project\ms4\ms4\ms4.cpp(81): error C2248: 'aid::iGood::quantity': cannot access private member declared in class 'aid::iGood'
  d:\seneca\oop244\oop-project\ms4\ms4\igood.h(21): note: see declaration of 'aid::iGood::quantity'
  d:\seneca\oop244\oop-project\ms4\ms4\igood.h(13): note: see declaration of 'aid::iGood'
d:\seneca\oop244\oop-project\ms4\ms4\ms4.cpp(82): error C2248: 'aid::iGood::qtyNeeded': cannot access private member declared in class 'aid::iGood'
  d:\seneca\oop244\oop-project\ms4\ms4\igood.h(22): note: see declaration of 'aid::iGood::qtyNeeded'
  d:\seneca\oop244\oop-project\ms4\ms4\igood.h(13): note: see declaration of 'aid::iGood'
d:\seneca\oop244\oop-project\ms4\ms4\ms4.cpp(82): error C2248: 'aid::iGood::quantity': cannot access private member declared in class 'aid::iGood'
  d:\seneca\oop244\oop-project\ms4\ms4\igood.h(23): note: see declaration of 'aid::iGood::quantity'
  d:\seneca\oop244\oop-project\ms4\ms4\igood.h(13): note: see declaration of 'aid::iGood'
d:\seneca\oop244\oop-project\ms4\ms4\ms4.cpp(83): error C2248: 'aid::iGood::operator +=': cannot access private member declared in class 'aid::iGood'
  d:\seneca\oop244\oop-project\ms4\ms4\igood.h(24): note: see declaration of 'aid::iGood::operator +='
  d:\seneca\oop244\oop-project\ms4\ms4\igood.h(13): note: see declaration of 'aid::iGood'
d:\seneca\oop244\oop-project\ms4\ms4\ms4.cpp(83): error C2248: 'aid::iGood::quantity': cannot access private member declared in class 'aid::iGood'
  d:\seneca\oop244\oop-project\ms4\ms4\igood.h(23): note: see declaration of 'aid::iGood::quantity'
  d:\seneca\oop244\oop-project\ms4\ms4\igood.h(13): note: see declaration of 'aid::iGood'
  ms4_Allocator.cpp
  ms4_MyGood.cpp
d:\seneca\oop244\oop-project\ms4\ms4\ms4_mygood.cpp(81): error C2248: 'aid::iGood::write': cannot access private member declared in class 'aid::iGood'
  d:\seneca\oop244\oop-project\ms4\ms4\igood.h(16): note: see declaration of 'aid::iGood::write'
  d:\seneca\oop244\oop-project\ms4\ms4\igood.h(13): note: see declaration of 'aid::iGood'
d:\seneca\oop244\oop-project\ms4\ms4\ms4_mygood.cpp(87): error C2248: 'aid::iGood::read': cannot access private member declared in class 'aid::iGood'
  d:\seneca\oop244\oop-project\ms4\ms4\igood.h(17): note: see declaration of 'aid::iGood::read'
  d:\seneca\oop244\oop-project\ms4\ms4\igood.h(13): note: see declaration of 'aid::iGood'
d:\seneca\oop244\oop-project\ms4\ms4\ms4_mygood.cpp(136): error C2248: 'aid::iGood::total_cost': cannot access private member declared in class 'aid::iGood'
  d:\seneca\oop244\oop-project\ms4\ms4\igood.h(19): note: see declaration of 'aid::iGood::total_cost'
  d:\seneca\oop244\oop-project\ms4\ms4\igood.h(13): note: see declaration of 'aid::iGood'
d:\seneca\oop244\oop-project\ms4\ms4\ms4_mygood.cpp(143): error C2248: 'aid::iGood::name': cannot access private member declared in class 'aid::iGood'
  d:\seneca\oop244\oop-project\ms4\ms4\igood.h(20): note: see declaration of 'aid::iGood::name'
  d:\seneca\oop244\oop-project\ms4\ms4\igood.h(13): note: see declaration of 'aid::iGood'
  Generating Code...
